#
# A fatal error has been detected by the Java Runtime Environment:
#
#  EXCEPTION_ACCESS_VIOLATION (0xc0000005) at pc=0x00007ff95ab674ce, pid=12688, tid=15544
#
# JRE version:  (17.0.9+9) (build )
# Java VM: OpenJDK 64-Bit Server VM (17.0.9+9, mixed mode, sharing, tiered, compressed oops, compressed class ptrs, g1 gc, windows-amd64)
# Problematic frame:
# V  [jvm.dll+0x2c74ce]
#
# No core dump will be written. Minidumps are not enabled by default on client versions of Windows
#
#

---------------  S U M M A R Y ------------

Command Line: 

Host: 11th Gen Intel(R) Core(TM) i7-11800H @ 2.30GHz, 16 cores, 15G,  Windows 11 , 64 bit Build 26100 (10.0.26100.3912)
Time: Sat May 17 14:18:52 2025 Romance Summer Time elapsed time: 0.043829 seconds (0d 0h 0m 0s)

---------------  T H R E A D  ---------------

Current thread (0x000001e21b7464a0):  JavaThread "Unknown thread" [_thread_in_vm, id=15544, stack(0x00000012a8e00000,0x00000012a8f00000)]

Stack: [0x00000012a8e00000,0x00000012a8f00000],  sp=0x00000012a8efee20,  free space=1019k
Native frames: (J=compiled Java code, j=interpreted, Vv=VM code, C=native code)
V  [jvm.dll+0x2c74ce]
V  [jvm.dll+0x2c7931]
V  [jvm.dll+0x627bd6]
V  [jvm.dll+0x627e00]
V  [jvm.dll+0x6272e3]
V  [jvm.dll+0x622ea8]
V  [jvm.dll+0x806065]
V  [jvm.dll+0x36cf31]
V  [jvm.dll+0x7e4aac]
V  [jvm.dll+0x3f07af]
V  [jvm.dll+0x3f23e1]
C  [jli.dll+0x528f]
C  [ucrtbase.dll+0x37b0]
C  [KERNEL32.DLL+0x2e8d7]
C  [ntdll.dll+0x9c5dc]


siginfo: EXCEPTION_ACCESS_VIOLATION (0xc0000005), reading address 0x0000000000000000


Registers:
RAX=0x0000db77bab10b7c, RBX=0x0000000000000000, RCX=0x0000000000000000, RDX=0x00007ff95b1f0501
RSP=0x00000012a8efee20, RBP=0x0000000000000001, RSI=0x000001e23a8e82c8, RDI=0x0000000000000000
R8 =0x0000000000000001, R9 =0x0000000000000001, R10=0x0000000000000000, R11=0x0000000000000246
R12=0x0000000000000000, R13=0x0000000000000000, R14=0x0000000000000001, R15=0x00007ff95aeda490
RIP=0x00007ff95ab674ce, EFLAGS=0x0000000000010246


Top of Stack: (sp=0x00000012a8efee20)
0x00000012a8efee20:   000001e23aba0000 0000000800000000
0x00000012a8efee30:   0000000800ba0000 000001e23a000000
0x00000012a8efee40:   000001e23aba0000 000001da3a000000
0x00000012a8efee50:   000001da3a000000 000001e23944e208
0x00000012a8efee60:   0000db77bab108fc 0000000000000001
0x00000012a8efee70:   0000db77bab10b7c 000001e23a000000
0x00000012a8efee80:   0000000000000000 00007ff95ab67931
0x00000012a8efee90:   000001e23a000000 0000000000000000
0x00000012a8efeea0:   0000000000000000 000001e23943d6c0
0x00000012a8efeeb0:   00000012a8efeec0 000001e23a8e82c0
0x00000012a8efeec0:   000001e200000001 0000000001000000
0x00000012a8efeed0:   0000000000000000 0000000000010000
0x00000012a8efeee0:   0000000000001000 ffffffff3943d600
0x00000012a8efeef0:   0000000000000300 00007ffa4efdaf7d
0x00000012a8efef00:   0000db77bab10bcc 0000000000000000
0x00000012a8efef10:   0000000000000000 0000000000000000
0x00000012a8efef20:   00000012a8eff030 000001e23a000000
0x00000012a8efef30:   0000000000000000 00007ff95aec7bd6
0x00000012a8efef40:   0000000000010000 000001e23943d6c0
0x00000012a8efef50:   0000000040000000 000001e23a000000
0x00000012a8efef60:   00000012a8efef70 0000000000001000
0x00000012a8efef70:   000001e23a000000 0000000001000000
0x00000012a8efef80:   0000000000000000 0000000000010000
0x00000012a8efef90:   0000000000001000 ffffffff3943d600
0x00000012a8efefa0:   0000000000000300 00000012a8eff0c0
0x00000012a8efefb0:   0000000000000000 00007ff95aec7e00
0x00000012a8efefc0:   000001e23a000000 00000012a8eff0c0
0x00000012a8efefd0:   000001e23943d6c0 4f206e6f20746c69
0x00000012a8efefe0:   00000012a8efeff0 00000012a8eff070
0x00000012a8efeff0:   000001e23a000000 0000000001000000
0x00000012a8eff000:   0000000000000000 0000000000010000
0x00000012a8eff010:   0000000000001000 ffffffff3943d600 

Instructions: (pc=0x00007ff95ab674ce)
0x00007ff95ab673ce:   00 48 83 c2 0f 48 c1 ea 03 48 63 d2 e8 e1 ac 35
0x00007ff95ab673de:   00 48 8b d8 48 85 c0 74 0b 89 38 eb 09 41 c6 45
0x00007ff95ab673ee:   00 02 eb 21 33 db 49 83 7f 08 00 75 18 4c 63 84
0x00007ff95ab673fe:   24 80 00 00 00 48 8d 4b 04 48 8b d5 e8 b1 9b 5c
0x00007ff95ab6740e:   00 49 89 5d 20 48 8b 9c 24 88 00 00 00 49 83 3e
0x00007ff95ab6741e:   00 74 15 48 8b 54 24 28 48 8b ce e8 22 58 de ff
0x00007ff95ab6742e:   49 8b ce e8 fa 57 de ff 4c 39 66 18 74 0c 4c 89
0x00007ff95ab6743e:   76 10 4c 89 66 18 48 89 5e 20 48 8b 5c 24 70 48
0x00007ff95ab6744e:   83 c4 30 41 5f 41 5e 41 5d 41 5c 5f 5e 5d c3 cc
0x00007ff95ab6745e:   cc cc 40 53 48 83 ec 20 48 8b d9 e8 02 f6 35 00
0x00007ff95ab6746e:   48 8b 53 28 48 ff ca 48 03 d0 48 ff c8 48 f7 d0
0x00007ff95ab6747e:   48 23 c2 48 83 c4 20 5b c3 cc cc cc cc cc cc cc
0x00007ff95ab6748e:   cc cc 48 89 5c 24 10 48 89 6c 24 18 48 89 74 24
0x00007ff95ab6749e:   20 57 48 83 ec 60 48 8b 05 7d 15 88 00 48 33 c4
0x00007ff95ab674ae:   48 89 44 24 50 80 3d 89 19 85 00 00 0f b6 ea 48
0x00007ff95ab674be:   8b f1 74 17 80 39 00 75 12 48 8b 0d 4a 12 8b 00
0x00007ff95ab674ce:   48 8b 01 ff 50 20 48 8b d8 eb 08 48 8b 59 18 48
0x00007ff95ab674de:   83 c3 04 48 83 3d 27 13 8b 00 00 40 b7 01 74 0f
0x00007ff95ab674ee:   48 8b d3 48 8d 0d b8 8c 68 00 e8 d3 9a f2 ff 48
0x00007ff95ab674fe:   8d 54 24 20 48 8b cb e8 96 46 3b 00 85 c0 74 19
0x00007ff95ab6750e:   40 84 ed 74 14 48 8b d3 48 8d 0d bb 8c 68 00 e8
0x00007ff95ab6751e:   de d2 ff ff 40 32 ff eb 7a 80 3e 03 75 20 48 8b
0x00007ff95ab6752e:   cb e8 1c e8 3a 00 84 c0 75 69 48 8b d3 48 8d 0d
0x00007ff95ab6753e:   c6 8c 68 00 e8 b9 d2 ff ff 40 32 ff eb 55 48 8b
0x00007ff95ab6754e:   56 08 4c 8b 44 24 40 48 85 d2 74 05 49 3b d0 75
0x00007ff95ab6755e:   0b 48 63 44 24 34 48 39 46 10 74 37 40 32 ff 40
0x00007ff95ab6756e:   38 3d 9f bf 8b 00 74 1c 49 3b d0 48 8d 05 a8 8c
0x00007ff95ab6757e:   68 00 48 8d 0d b9 8c 68 00 48 0f 45 c8 e8 70 d2
0x00007ff95ab6758e:   ff ff eb 0f 48 8b d3 48 8d 0d c4 8c 68 00 e8 5f
0x00007ff95ab6759e:   d2 ff ff 80 3d 6b bf 8b 00 00 74 10 40 84 ff 75
0x00007ff95ab675ae:   0b c6 05 2b 09 8d 00 01 b0 01 eb 04 40 0f b6 c7
0x00007ff95ab675be:   48 8b 4c 24 50 48 33 cc e8 e5 88 5c 00 4c 8d 5c 



---------------  P R O C E S S  ---------------

Threads class SMR info:
_java_thread_list=0x00007ff95b3cee98, length=0, elements={
}

Java Threads: ( => current thread )

Other Threads:
  0x000001e21b7b7cd0 GCTaskThread "GC Thread#0" [stack: 0x00000012a8f00000,0x00000012a9000000] [id=20688]
  0x000001e21b7c9bf0 ConcurrentGCThread "G1 Main Marker" [stack: 0x00000012a9000000,0x00000012a9100000] [id=25988]
  0x000001e21b7ca520 ConcurrentGCThread "G1 Conc#0" [stack: 0x00000012a9100000,0x00000012a9200000] [id=25104]
  0x000001e239437260 ConcurrentGCThread "G1 Refine#0" [stack: 0x00000012a9200000,0x00000012a9300000] [id=22148]
  0x000001e239438950 ConcurrentGCThread "G1 Service" [stack: 0x00000012a9300000,0x00000012a9400000] [id=9264]

=>0x000001e21b7464a0 (exited) JavaThread "Unknown thread" [_thread_in_vm, id=15544, stack(0x00000012a8e00000,0x00000012a8f00000)]

Threads with active compile tasks:

VM state: not at safepoint (not fully initialized)

VM Mutex/Monitor currently owned by a thread: None

Heap address: 0x0000000703a00000, size: 4038 MB, Compressed Oops mode: Zero based, Oop shift amount: 3

CDS archive(s) mapped at: [0x0000000000000000-0x0000000000000000-0x0000000000000000), size 0, SharedBaseAddress: 0x0000000800000000, ArchiveRelocationMode: 1.
Narrow klass base: 0x0000000000000000, Narrow klass shift: 0, Narrow klass range: 0x0

GC Precious Log:
 CPUs: 16 total, 16 available
 Memory: 16147M
 Large Page Support: Disabled
 NUMA Support: Disabled
 Compressed Oops: Enabled (Zero based)
 Heap Region Size: 2M
 Heap Min Capacity: 8M
 Heap Initial Capacity: 254M
 Heap Max Capacity: 4038M
 Pre-touch: Disabled
 Parallel Workers: 13
 Concurrent Workers: 3
 Concurrent Refinement Workers: 13
 Periodic GC: Disabled

Heap:
 garbage-first heap   total 260096K, used 0K [0x0000000703a00000, 0x0000000800000000)
  region size 2048K, 0 young (0K), 0 survivors (0K)

[error occurred during error reporting (printing heap information), id 0xc0000005, EXCEPTION_ACCESS_VIOLATION (0xc0000005) at pc=0x00007ff95af76c79]

GC Heap History (0 events):
No events

Dll operation events (2 events):
Event: 0.014 Loaded shared library C:\Program Files\Unity\Hub\Editor\6000.0.43f1\Editor\Data\PlaybackEngines\AndroidPlayer\OpenJDK\bin\java.dll
Event: 0.016 Loaded shared library C:\Program Files\Unity\Hub\Editor\6000.0.43f1\Editor\Data\PlaybackEngines\AndroidPlayer\OpenJDK\bin\zip.dll

Deoptimization events (0 events):
No events

Classes unloaded (0 events):
No events

Classes redefined (0 events):
No events

Internal exceptions (0 events):
No events

VM Operations (0 events):
No events

Events (0 events):
No events


Dynamic libraries:
0x00007ff7eed70000 - 0x00007ff7eed7e000 	C:\Program Files\Unity\Hub\Editor\6000.0.43f1\Editor\Data\PlaybackEngines\AndroidPlayer\OpenJDK\bin\java.exe
0x00007ffa51c00000 - 0x00007ffa51e66000 	C:\WINDOWS\SYSTEM32\ntdll.dll
0x00007ffa511e0000 - 0x00007ffa512a9000 	C:\WINDOWS\System32\KERNEL32.DLL
0x00007ffa4f5f0000 - 0x00007ffa4f9bc000 	C:\WINDOWS\System32\KERNELBASE.dll
0x00007ffa4efa0000 - 0x00007ffa4f0eb000 	C:\WINDOWS\System32\ucrtbase.dll
0x00007ffa3c420000 - 0x00007ffa3c437000 	C:\Program Files\Unity\Hub\Editor\6000.0.43f1\Editor\Data\PlaybackEngines\AndroidPlayer\OpenJDK\bin\jli.dll
0x00007ffa3c240000 - 0x00007ffa3c25b000 	C:\Program Files\Unity\Hub\Editor\6000.0.43f1\Editor\Data\PlaybackEngines\AndroidPlayer\OpenJDK\bin\VCRUNTIME140.dll
0x00007ffa517e0000 - 0x00007ffa519aa000 	C:\WINDOWS\System32\USER32.dll
0x00007ffa4f480000 - 0x00007ffa4f4a7000 	C:\WINDOWS\System32\win32u.dll
0x00007ffa30630000 - 0x00007ffa308ca000 	C:\WINDOWS\WinSxS\amd64_microsoft.windows.common-controls_6595b64144ccf1df_6.0.26100.3912_none_3e07963ce335137e\COMCTL32.dll
0x00007ffa4fa60000 - 0x00007ffa4fa8b000 	C:\WINDOWS\System32\GDI32.dll
0x00007ffa519b0000 - 0x00007ffa51a59000 	C:\WINDOWS\System32\msvcrt.dll
0x00007ffa4f4b0000 - 0x00007ffa4f5e2000 	C:\WINDOWS\System32\gdi32full.dll
0x00007ffa4ee50000 - 0x00007ffa4eef3000 	C:\WINDOWS\System32\msvcp_win.dll
0x00007ffa50f00000 - 0x00007ffa50f30000 	C:\WINDOWS\System32\IMM32.DLL
0x00007ffa48bf0000 - 0x00007ffa48bfc000 	C:\Program Files\Unity\Hub\Editor\6000.0.43f1\Editor\Data\PlaybackEngines\AndroidPlayer\OpenJDK\bin\vcruntime140_1.dll
0x00007ffa20340000 - 0x00007ffa203cd000 	C:\Program Files\Unity\Hub\Editor\6000.0.43f1\Editor\Data\PlaybackEngines\AndroidPlayer\OpenJDK\bin\msvcp140.dll
0x00007ff95a8a0000 - 0x00007ff95b501000 	C:\Program Files\Unity\Hub\Editor\6000.0.43f1\Editor\Data\PlaybackEngines\AndroidPlayer\OpenJDK\bin\server\jvm.dll
0x00007ffa50fa0000 - 0x00007ffa51052000 	C:\WINDOWS\System32\ADVAPI32.dll
0x00007ffa51b10000 - 0x00007ffa51bb6000 	C:\WINDOWS\System32\sechost.dll
0x00007ffa4fa90000 - 0x00007ffa4fba6000 	C:\WINDOWS\System32\RPCRT4.dll
0x00007ffa2b230000 - 0x00007ffa2b23a000 	C:\WINDOWS\SYSTEM32\WSOCK32.dll
0x00007ffa4d9e0000 - 0x00007ffa4da3e000 	C:\WINDOWS\SYSTEM32\POWRPROF.dll
0x00007ffa3bc30000 - 0x00007ffa3bc66000 	C:\WINDOWS\SYSTEM32\WINMM.dll
0x00007ffa44210000 - 0x00007ffa4421b000 	C:\WINDOWS\SYSTEM32\VERSION.dll
0x00007ffa500c0000 - 0x00007ffa50134000 	C:\WINDOWS\System32\WS2_32.dll
0x00007ffa4d9c0000 - 0x00007ffa4d9d4000 	C:\WINDOWS\SYSTEM32\UMPDC.dll
0x00007ffa4dc70000 - 0x00007ffa4dc8a000 	C:\WINDOWS\SYSTEM32\kernel.appcore.dll
0x00007ffa44b00000 - 0x00007ffa44b0a000 	C:\Program Files\Unity\Hub\Editor\6000.0.43f1\Editor\Data\PlaybackEngines\AndroidPlayer\OpenJDK\bin\jimage.dll
0x00007ffa4c560000 - 0x00007ffa4c7a1000 	C:\WINDOWS\SYSTEM32\DBGHELP.DLL
0x00007ffa51350000 - 0x00007ffa516d4000 	C:\WINDOWS\System32\combase.dll
0x00007ffa51060000 - 0x00007ffa51140000 	C:\WINDOWS\System32\OLEAUT32.dll
0x00007ffa1c350000 - 0x00007ffa1c389000 	C:\WINDOWS\SYSTEM32\dbgcore.DLL
0x00007ffa4ef00000 - 0x00007ffa4ef99000 	C:\WINDOWS\System32\bcryptPrimitives.dll
0x00007ffa33510000 - 0x00007ffa33535000 	C:\Program Files\Unity\Hub\Editor\6000.0.43f1\Editor\Data\PlaybackEngines\AndroidPlayer\OpenJDK\bin\java.dll
0x00007ffa2d140000 - 0x00007ffa2d158000 	C:\Program Files\Unity\Hub\Editor\6000.0.43f1\Editor\Data\PlaybackEngines\AndroidPlayer\OpenJDK\bin\zip.dll

dbghelp: loaded successfully - version: 4.0.5 - missing functions: none
symbol engine: initialized successfully - sym options: 0x614 - pdb path: .;C:\Program Files\Unity\Hub\Editor\6000.0.43f1\Editor\Data\PlaybackEngines\AndroidPlayer\OpenJDK\bin;C:\WINDOWS\SYSTEM32;C:\WINDOWS\WinSxS\amd64_microsoft.windows.common-controls_6595b64144ccf1df_6.0.26100.3912_none_3e07963ce335137e;C:\Program Files\Unity\Hub\Editor\6000.0.43f1\Editor\Data\PlaybackEngines\AndroidPlayer\OpenJDK\bin\server

VM Arguments:
java_command: <unknown>
java_class_path (initial): <not set>
Launcher Type: SUN_STANDARD

[Global flags]
     intx CICompilerCount                          = 12                                        {product} {ergonomic}
     uint ConcGCThreads                            = 3                                         {product} {ergonomic}
     uint G1ConcRefinementThreads                  = 13                                        {product} {ergonomic}
   size_t G1HeapRegionSize                         = 2097152                                   {product} {ergonomic}
    uintx GCDrainStackTargetSize                   = 64                                        {product} {ergonomic}
   size_t InitialHeapSize                          = 266338304                                 {product} {ergonomic}
   size_t MarkStackSize                            = 4194304                                   {product} {ergonomic}
   size_t MaxHeapSize                              = 4234149888                                {product} {ergonomic}
   size_t MaxNewSize                               = 2539651072                                {product} {ergonomic}
   size_t MinHeapDeltaBytes                        = 2097152                                   {product} {ergonomic}
   size_t MinHeapSize                              = 8388608                                   {product} {ergonomic}
    uintx NonNMethodCodeHeapSize                   = 7602480                                {pd product} {ergonomic}
    uintx NonProfiledCodeHeapSize                  = 122027880                              {pd product} {ergonomic}
    uintx ProfiledCodeHeapSize                     = 122027880                              {pd product} {ergonomic}
    uintx ReservedCodeCacheSize                    = 251658240                              {pd product} {ergonomic}
     bool SegmentedCodeCache                       = true                                      {product} {ergonomic}
   size_t SoftMaxHeapSize                          = 4234149888                             {manageable} {ergonomic}
     bool UseCompressedClassPointers               = true                           {product lp64_product} {ergonomic}
     bool UseCompressedOops                        = true                           {product lp64_product} {ergonomic}
     bool UseG1GC                                  = true                                      {product} {ergonomic}
     bool UseLargePagesIndividualAllocation        = false                                  {pd product} {ergonomic}

Logging:
Log output configuration:
 #0: stdout all=warning uptime,level,tags
 #1: stderr all=off uptime,level,tags

Environment Variables:
PATH=C:\Program Files\Oculus\Support\oculus-runtime;C:\Windows\system32;C:\Windows;C:\Windows\System32\Wbem;C:\Windows\System32\WindowsPowerShell\v1.0\;C:\Windows\System32\OpenSSH\;C:\Program Files\Git\cmd;C:\Program Files\nodejs\;C:\Program Files\Git LFS;C:\Program Files\NVIDIA Corporation\NVIDIA app\NvDLISR;C:\Program Files (x86)\NVIDIA Corporation\PhysX\Common;C:\Program Files\dotnet\;C:\WINDOWS\system32;C:\WINDOWS;C:\WINDOWS\System32\Wbem;C:\WINDOWS\System32\WindowsPowerShell\v1.0\;C:\WINDOWS\System32\OpenSSH\;C:\Program Files (x86)\Microsoft SQL Server\160\DTS\Binn\;C:\Program Files (x86)\Microsoft SQL Server\160\Tools\Binn\;C:\Program Files\Microsoft SQL Server\160\Tools\Binn\;C:\Program Files\Microsoft SQL Server\Client SDK\ODBC\170\Tools\Binn\;C:\Program Files\Microsoft SQL Server\160\DTS\Binn\;C:\Program Files (x86)\Windows Kits\10\Windows Performance Toolkit\;C:\Program Files\Microchip\xc8\v2.36\bin;C:\Users\mashr\AppData\Local\Microsoft\WindowsApps;C:\Users\mashr\AppData\Local\Programs\Microsoft VS Code\bin;C:\Users\mashr\AppData\Local\GitHubDesktop\bin;C:\Users\mashr\AppData\Roaming\npm;C:\Users\mashr\.dotnet\tools
USERNAME=mashr
OS=Windows_NT
PROCESSOR_IDENTIFIER=Intel64 Family 6 Model 141 Stepping 1, GenuineIntel
TMP=C:\Users\mashr\AppData\Local\Temp
TEMP=C:\Users\mashr\AppData\Local\Temp



Periodic native trim disabled


---------------  S Y S T E M  ---------------

OS:
 Windows 11 , 64 bit Build 26100 (10.0.26100.3912)
OS uptime: 1 days 0:05 hours

CPU: total 16 (initial active 16) (8 cores per cpu, 2 threads per core) family 6 model 141 stepping 1 microcode 0x3c, cx8, cmov, fxsr, ht, mmx, 3dnowpref, sse, sse2, sse3, ssse3, sse4.1, sse4.2, popcnt, lzcnt, tsc, tscinvbit, avx, avx2, aes, erms, clmul, bmi1, bmi2, adx, avx512f, avx512dq, avx512cd, avx512bw, avx512vl, sha, fma, vzeroupper, avx512_vpopcntdq, avx512_vpclmulqdq, avx512_vaes, avx512_vnni, clflush, clflushopt, clwb, avx512_vbmi2, avx512_vbmi
Processor Information for all 16 processors :
  Max Mhz: 2304, Current Mhz: 2304, Mhz Limit: 2304

Memory: 4k page, system-wide physical 16147M (1300M free)
TotalPageFile size 23315M (AvailPageFile size 1958M)
current process WorkingSet (physical memory assigned to process): 26M, peak: 26M
current process commit charge ("private bytes"): 347M, peak: 347M

vm_info: OpenJDK 64-Bit Server VM (17.0.9+9) for windows-amd64 JRE (17.0.9+9), built on Oct 26 2023 14:01:42 by "admin" with MS VC++ 16.10 / 16.11 (VS2019)

END.
